[2023-09-05 09:50:36] [ERROR] >>>  Main program error:
[2023-09-05 09:50:36] [ERROR] >>>  [WinError 233] ¹ÜµÀµÄÁíÒ»¶ËÉÏÎÞÈÎºÎ½ø³Ì¡£
[2023-09-05 09:50:36] [ERROR] >>>  Traceback (most recent call last):
  File "C:\Users\allan.yin\PycharmProjects\pythonProject\ah\website\templates\offline_task\data_sync.py", line 403, in execute_sql
    print(offset)
OSError: [WinError 233] ¹ÜµÀµÄÁíÒ»¶ËÉÏÎÞÈÎºÎ½ø³Ì¡£

[2023-09-05 09:50:36] [ERROR] >>>  Job "execute_sql (trigger: cron[hour='9', minute='30', second='0'], next run at: 2023-09-06 09:30:00 CST)" raised an exception
Traceback (most recent call last):
  File "C:\Users\allan.yin\PycharmProjects\pythonProject\ah\website\templates\offline_task\data_sync.py", line 403, in execute_sql
    print(offset)
OSError: [WinError 233] ¹ÜµÀµÄÁíÒ»¶ËÉÏÎÞÈÎºÎ½ø³Ì¡£

During handling of the above exception, another exception occurred:

Traceback (most recent call last):
  File "C:\Users\allan.yin\Anaconda3\lib\site-packages\apscheduler\executors\base.py", line 125, in run_job
    retval = job.func(*job.args, **job.kwargs)
  File "C:\Users\allan.yin\PycharmProjects\pythonProject\ah\website\templates\offline_task\data_sync.py", line 416, in execute_sql
    print(job_result)
OSError: [WinError 233] ¹ÜµÀµÄÁíÒ»¶ËÉÏÎÞÈÎºÎ½ø³Ì¡£
[2023-09-05 09:58:14] [INFO] >>>  10.60.4.29 - - [05/Sep/2023 09:58:14] "[32mGET /update HTTP/1.1[0m" 302 -
[2023-09-05 09:58:14] [INFO] >>>  10.60.4.29 - - [05/Sep/2023 09:58:14] "GET /users/html/users_login HTTP/1.1" 200 -
[2023-09-05 09:58:14] [INFO] >>>  10.60.4.29 - - [05/Sep/2023 09:58:14] "[32mGET /static/dataflow.ico HTTP/1.1[0m" 302 -
[2023-09-05 09:58:14] [INFO] >>>  10.60.4.29 - - [05/Sep/2023 09:58:14] "GET /users/html/users_login HTTP/1.1" 200 -
[2023-09-05 09:58:17] [INFO] >>>  10.60.4.29 - - [05/Sep/2023 09:58:17] "[32mPOST /users/html/users_login HTTP/1.1[0m" 302 -
[2023-09-05 09:58:17] [INFO] >>>  10.60.4.29 - - [05/Sep/2023 09:58:17] "GET / HTTP/1.1" 200 -
[2023-09-05 09:58:17] [INFO] >>>  10.60.4.29 - - [05/Sep/2023 09:58:17] "[36mGET /static/css/styles_upsl.css HTTP/1.1[0m" 304 -
[2023-09-05 09:58:17] [INFO] >>>  10.60.4.29 - - [05/Sep/2023 09:58:17] "GET /static/dataflow.ico HTTP/1.1" 200 -
[2023-09-05 09:58:20] [INFO] >>>  10.60.4.29 - - [05/Sep/2023 09:58:20] "GET /update HTTP/1.1" 200 -
[2023-09-05 09:58:20] [INFO] >>>  10.60.4.29 - - [05/Sep/2023 09:58:20] "[36mGET /static/css/styles_upsl.css HTTP/1.1[0m" 304 -
[2023-09-05 09:58:20] [INFO] >>>  10.60.4.29 - - [05/Sep/2023 09:58:20] "[36mGET /static/dataflow.ico HTTP/1.1[0m" 304 -
[2023-09-05 09:58:35] [INFO] >>>  10.60.4.29 - - [05/Sep/2023 09:58:35] "GET / HTTP/1.1" 200 -
[2023-09-05 09:58:35] [INFO] >>>  10.60.4.29 - - [05/Sep/2023 09:58:35] "[36mGET /static/css/styles_upsl.css HTTP/1.1[0m" 304 -
[2023-09-05 09:58:35] [INFO] >>>  10.60.4.29 - - [05/Sep/2023 09:58:35] "[36mGET /static/dataflow.ico HTTP/1.1[0m" 304 -
